#
# There is insufficient memory for the Java Runtime Environment to continue.
# Native memory allocation (mmap) failed to map 132120576 bytes for G1 virtual space
# Possible reasons:
#   The system is out of physical RAM or swap space
#   The process is running with CompressedOops enabled, and the Java Heap may be blocking the growth of the native heap
# Possible solutions:
#   Reduce memory load on the system
#   Increase physical memory or swap space
#   Check if swap backing store is full
#   Decrease Java heap size (-Xmx/-Xms)
#   Decrease number of Java threads
#   Decrease Java thread stack sizes (-Xss)
#   Set larger code cache with -XX:ReservedCodeCacheSize=
#   JVM is running with Unscaled Compressed Oops mode in which the Java heap is
#     placed in the first 4GB address space. The Java Heap base address is the
#     maximum limit for the native heap growth. Please use -XX:HeapBaseMinAddress
#     to set the Java Heap base and to place the Java Heap above 4GB virtual address.
# This output file may be truncated or incomplete.
#
#  Out of Memory Error (os_windows.cpp:3536), pid=996, tid=13784
#
# JRE version:  (19.0.2+7) (build )
# Java VM: Java HotSpot(TM) 64-Bit Server VM (19.0.2+7-44, mixed mode, sharing, tiered, compressed oops, compressed class ptrs, g1 gc, windows-amd64)
# No core dump will be written. Minidumps are not enabled by default on client versions of Windows
#

---------------  S U M M A R Y ------------

Command Line: -Dfile.encoding=UTF-8 --module-path=D:\eclipse-workspace\BankManagement\bin -XX:+ShowCodeDetailsInExceptionMessages -Djdk.module.main=BankManagement BankManagement/banksystem.main

Host: Intel(R) Core(TM) i5-7300HQ CPU @ 2.50GHz, 4 cores, 7G,  Windows 10 , 64 bit Build 19041 (10.0.19041.2546)
Time: Thu Apr 13 15:27:42 2023 SE Asia Standard Time elapsed time: 0.043334 seconds (0d 0h 0m 0s)

---------------  T H R E A D  ---------------

Current thread (0x000002c2687a72d0):  JavaThread "Unknown thread" [_thread_in_vm, id=13784, stack(0x000000f208b00000,0x000000f208c00000)]

Stack: [0x000000f208b00000,0x000000f208c00000]
Native frames: (J=compiled Java code, j=interpreted, Vv=VM code, C=native code)
V  [jvm.dll+0x6ee21a]
V  [jvm.dll+0x85765e]
V  [jvm.dll+0x85904e]
V  [jvm.dll+0x859703]
V  [jvm.dll+0x28298f]
V  [jvm.dll+0x6eb009]
V  [jvm.dll+0x6dfbaa]
V  [jvm.dll+0x3573f6]
V  [jvm.dll+0x35ee56]
V  [jvm.dll+0x3b541e]
V  [jvm.dll+0x3b564f]
V  [jvm.dll+0x32c9ea]
V  [jvm.dll+0x32d89e]
V  [jvm.dll+0x821780]
V  [jvm.dll+0x3c2661]
V  [jvm.dll+0x801f51]
V  [jvm.dll+0x44ae8f]
V  [jvm.dll+0x44c811]
C  [jli.dll+0x5287]
C  [ucrtbase.dll+0x21bb2]
C  [KERNEL32.DLL+0x17614]
C  [ntdll.dll+0x526a1]


---------------  P R O C E S S  ---------------

Threads class SMR info:
_java_thread_list=0x00007fff06bbd048, length=0, elements={
}

Java Threads: ( => current thread )

Other Threads:
  0x000002c268806790 WorkerThread "GC Thread#0" [stack: 0x000000f208c00000,0x000000f208d00000] [id=16448]
  0x000002c268819010 ConcurrentGCThread "G1 Main Marker" [stack: 0x000000f208d00000,0x000000f208e00000] [id=2624]
  0x000002c268819a40 WorkerThread "G1 Conc#0" [stack: 0x000000f208e00000,0x000000f208f00000] [id=5532]

[error occurred during error reporting (printing all threads), id 0xc0000005, EXCEPTION_ACCESS_VIOLATION (0xc0000005) at pc=0x00007fff0637d427]

VM state: not at safepoint (not fully initialized)

VM Mutex/Monitor currently owned by a thread:  ([mutex/lock_event])
[0x000002c2687a35d0] Heap_lock - owner thread: 0x000002c2687a72d0

Heap address: 0x0000000082200000, size: 2014 MB, Compressed Oops mode: 32-bit

CDS archive(s) mapped at: [0x0000000000000000-0x0000000000000000-0x0000000000000000), size 0, SharedBaseAddress: 0x0000000800000000, ArchiveRelocationMode: 0.
Narrow klass base: 0x0000000000000000, Narrow klass shift: 0, Narrow klass range: 0x0

GC Precious Log:
 CardTable entry size: 512
 Card Set container configuration: InlinePtr #cards 5 size 8 Array Of Cards #cards 12 size 40 Howl #buckets 4 coarsen threshold 1843 Howl Bitmap #cards 512 size 80 coarsen threshold 460 Card regions per heap region 1 cards per card region 2048

Heap:
 garbage-first heap   total 0K, used 0K [0x0000000082200000, 0x0000000100000000)
  region size 1024K, 0 young (0K), 0 survivors (0K)

[error occurred during error reporting (printing heap information), id 0xc0000005, EXCEPTION_ACCESS_VIOLATION (0xc0000005) at pc=0x00007fff06786649]

GC Heap History (0 events):
No events

Dll operation events (1 events):
Event: 0.010 Loaded shared library C:\Program Files\Java\jdk-19\bin\java.dll

Deoptimization events (0 events):
No events

Classes loaded (0 events):
No events

Classes unloaded (0 events):
No events

Classes redefined (0 events):
No events

Internal exceptions (0 events):
No events

VM Operations (0 events):
No events

Events (0 events):
No events


Dynamic libraries:
0x00007ff73d710000 - 0x00007ff73d720000 	C:\Program Files\Java\jdk-19\bin\javaw.exe
0x00007fff50030000 - 0x00007fff50228000 	C:\WINDOWS\SYSTEM32\ntdll.dll
0x00007fff4e210000 - 0x00007fff4e2cf000 	C:\WINDOWS\System32\KERNEL32.DLL
0x00007fff4da50000 - 0x00007fff4dd22000 	C:\WINDOWS\System32\KERNELBASE.dll
0x00007fff4d950000 - 0x00007fff4da50000 	C:\WINDOWS\System32\ucrtbase.dll
0x00007fff3db00000 - 0x00007fff3db18000 	C:\Program Files\Java\jdk-19\bin\jli.dll
0x00007fff4fa90000 - 0x00007fff4fb3e000 	C:\WINDOWS\System32\ADVAPI32.dll
0x00007fff4feb0000 - 0x00007fff4ff4e000 	C:\WINDOWS\System32\msvcrt.dll
0x00007fff4fe10000 - 0x00007fff4feac000 	C:\WINDOWS\System32\sechost.dll
0x00007fff4e080000 - 0x00007fff4e1a4000 	C:\WINDOWS\System32\RPCRT4.dll
0x00007fff4f370000 - 0x00007fff4f511000 	C:\WINDOWS\System32\USER32.dll
0x00007fff4dff0000 - 0x00007fff4e012000 	C:\WINDOWS\System32\win32u.dll
0x00007fff4e050000 - 0x00007fff4e07b000 	C:\WINDOWS\System32\GDI32.dll
0x00007fff4dd30000 - 0x00007fff4de3f000 	C:\WINDOWS\System32\gdi32full.dll
0x00007fff4d700000 - 0x00007fff4d79d000 	C:\WINDOWS\System32\msvcp_win.dll
0x00007fff3c220000 - 0x00007fff3c23b000 	C:\Program Files\Java\jdk-19\bin\VCRUNTIME140.dll
0x00007fff3b200000 - 0x00007fff3b49a000 	C:\WINDOWS\WinSxS\amd64_microsoft.windows.common-controls_6595b64144ccf1df_6.0.19041.1110_none_60b5254171f9507e\COMCTL32.dll
0x00007fff46580000 - 0x00007fff4658a000 	C:\WINDOWS\SYSTEM32\VERSION.dll
0x00007fff4f2d0000 - 0x00007fff4f300000 	C:\WINDOWS\System32\IMM32.DLL
0x00007fff46560000 - 0x00007fff4656c000 	C:\Program Files\Java\jdk-19\bin\vcruntime140_1.dll
0x00007fff3c0e0000 - 0x00007fff3c16e000 	C:\Program Files\Java\jdk-19\bin\msvcp140.dll
0x00007fff06040000 - 0x00007fff06d00000 	C:\Program Files\Java\jdk-19\bin\server\jvm.dll
0x00007fff39c10000 - 0x00007fff39c19000 	C:\WINDOWS\SYSTEM32\WSOCK32.dll
0x00007fff4ff50000 - 0x00007fff4ffbb000 	C:\WINDOWS\System32\WS2_32.dll
0x00007fff4a6c0000 - 0x00007fff4a6e7000 	C:\WINDOWS\SYSTEM32\WINMM.dll
0x00007fff4bfa0000 - 0x00007fff4bfb2000 	C:\WINDOWS\SYSTEM32\kernel.appcore.dll
0x00007fff45c20000 - 0x00007fff45c2a000 	C:\Program Files\Java\jdk-19\bin\jimage.dll
0x00007fff4b4b0000 - 0x00007fff4b694000 	C:\WINDOWS\SYSTEM32\DBGHELP.DLL
0x00007fff389d0000 - 0x00007fff38a05000 	C:\WINDOWS\SYSTEM32\dbgcore.DLL
0x00007fff4d850000 - 0x00007fff4d8d2000 	C:\WINDOWS\System32\bcryptPrimitives.dll
0x00007fff3c1f0000 - 0x00007fff3c216000 	C:\Program Files\Java\jdk-19\bin\java.dll

dbghelp: loaded successfully - version: 4.0.5 - missing functions: none
symbol engine: initialized successfully - sym options: 0x614 - pdb path: .;C:\Program Files\Java\jdk-19\bin;C:\WINDOWS\SYSTEM32;C:\WINDOWS\WinSxS\amd64_microsoft.windows.common-controls_6595b64144ccf1df_6.0.19041.1110_none_60b5254171f9507e;C:\Program Files\Java\jdk-19\bin\server

VM Arguments:
jvm_args: -Dfile.encoding=UTF-8 --module-path=D:\eclipse-workspace\BankManagement\bin -XX:+ShowCodeDetailsInExceptionMessages -Djdk.module.main=BankManagement 
java_command: BankManagement/banksystem.main
java_class_path (initial): <not set>
Launcher Type: SUN_STANDARD

[Global flags]
     intx CICompilerCount                          = 3                                         {product} {ergonomic}
     uint ConcGCThreads                            = 1                                         {product} {ergonomic}
     uint G1ConcRefinementThreads                  = 4                                         {product} {ergonomic}
   size_t G1HeapRegionSize                         = 1048576                                   {product} {ergonomic}
    uintx GCDrainStackTargetSize                   = 64                                        {product} {ergonomic}
   size_t InitialHeapSize                          = 132120576                                 {product} {ergonomic}
   size_t MarkStackSize                            = 4194304                                   {product} {ergonomic}
   size_t MaxHeapSize                              = 2111832064                                {product} {ergonomic}
   size_t MinHeapDeltaBytes                        = 1048576                                   {product} {ergonomic}
   size_t MinHeapSize                              = 8388608                                   {product} {ergonomic}
    uintx NonNMethodCodeHeapSize                   = 5832780                                {pd product} {ergonomic}
    uintx NonProfiledCodeHeapSize                  = 122912730                              {pd product} {ergonomic}
    uintx ProfiledCodeHeapSize                     = 122912730                              {pd product} {ergonomic}
    uintx ReservedCodeCacheSize                    = 251658240                              {pd product} {ergonomic}
     bool SegmentedCodeCache                       = true                                      {product} {ergonomic}
     bool ShowCodeDetailsInExceptionMessages       = true                                   {manageable} {command line}
   size_t SoftMaxHeapSize                          = 2111832064                             {manageable} {ergonomic}
     bool UseCompressedClassPointers               = true                           {product lp64_product} {ergonomic}
     bool UseCompressedOops                        = true                           {product lp64_product} {ergonomic}
     bool UseG1GC                                  = true                                      {product} {ergonomic}
     bool UseLargePagesIndividualAllocation        = false                                  {pd product} {ergonomic}

Logging:
Log output configuration:
 #0: stdout all=warning uptime,level,tags foldmultilines=false
 #1: stderr all=off uptime,level,tags foldmultilines=false

Environment Variables:
JAVA_HOME=C:\Program Files\Java\jdk-19
PATH=C:\Program Files\Common Files\Oracle\Java\javapath;C:\WINDOWS\system32;C:\WINDOWS;C:\WINDOWS\System32\Wbem;C:\WINDOWS\System32\WindowsPowerShell\v1.0\;C:\WINDOWS\System32\OpenSSH\;C:\msys64\mingw64\bin;C:\Program Files (x86)\dotnet\;C:\Program Files\Java\jdk-19\bin;C:\Program Files\Common Files\Oracle\Java\javapath;C:\Users\Dell\AppData\Local\Programs\Python\Python310\Scripts\;C:\Users\Dell\AppData\Local\Programs\Python\Python310\;C:\Users\Dell\AppData\Local\Microsoft\WindowsApps;C:\Program Files\Java\jdk-19\bin;;C:\Users\Dell\AppData\Local\Programs\Microsoft VS Code\bin
USERNAME=Dell
OS=Windows_NT
PROCESSOR_IDENTIFIER=Intel64 Family 6 Model 158 Stepping 9, GenuineIntel
TMP=C:\Users\Dell\AppData\Local\Temp
TEMP=C:\Users\Dell\AppData\Local\Temp



---------------  S Y S T E M  ---------------

OS:
 Windows 10 , 64 bit Build 19041 (10.0.19041.2546)
OS uptime: 5 days 14:13 hours

CPU: total 4 (initial active 4) (4 cores per cpu, 1 threads per core) family 6 model 158 stepping 9 microcode 0xb4, cx8, cmov, fxsr, mmx, 3dnowpref, sse, sse2, sse3, ssse3, sse4.1, sse4.2, popcnt, lzcnt, tsc, tscinvbit, avx, avx2, aes, erms, clmul, bmi1, bmi2, adx, fma, vzeroupper, clflush, clflushopt, rdtscp

Memory: 4k page, system-wide physical 8054M (1165M free)
TotalPageFile size 21982M (AvailPageFile size 98M)
current process WorkingSet (physical memory assigned to process): 11M, peak: 11M
current process commit charge ("private bytes"): 52M, peak: 177M

vm_info: Java HotSpot(TM) 64-Bit Server VM (19.0.2+7-44) for windows-amd64 JRE (19.0.2+7-44), built on 2022-11-30T18:02:09Z by "mach5one" with MS VC++ 17.1 (VS2022)

END.
